[2026-03-26 00:22:09] EXCEPTION: SQLSTATE[42S22]: Column not found: 1054 Unknown column 'projet_id' in 'where clause' in C:\xampp\htdocs\projex\projex_backend\app\Controllers\SupervisorController.php:277
#0 C:\xampp\htdocs\projex\projex_backend\app\Controllers\SupervisorController.php(277): PDOStatement->execute(Array)
#1 C:\xampp\htdocs\projex\projex_backend\public\index.php(511): SupervisorController::apiGetProjectTimeline(Object(PDO), 8)
#2 C:\xampp\htdocs\projex\projex_backend\app\Core\Router.php(75): {closure}('8')
#3 C:\xampp\htdocs\projex\projex_backend\public\index.php(659): Router->dispatch('GET', '/api/supervisor...')
#4 {main}

[2026-03-26 00:22:09] EXCEPTION: SQLSTATE[42S22]: Column not found: 1054 Unknown column 'projet_id' in 'where clause' in C:\xampp\htdocs\projex\projex_backend\app\Controllers\SupervisorController.php:277
#0 C:\xampp\htdocs\projex\projex_backend\app\Controllers\SupervisorController.php(277): PDOStatement->execute(Array)
#1 C:\xampp\htdocs\projex\projex_backend\public\index.php(511): SupervisorController::apiGetProjectTimeline(Object(PDO), 8)
#2 C:\xampp\htdocs\projex\projex_backend\app\Core\Router.php(75): {closure}('8')
#3 C:\xampp\htdocs\projex\projex_backend\public\index.php(659): Router->dispatch('GET', '/api/supervisor...')
#4 {main}

[2026-03-26 00:23:52] EXCEPTION: SQLSTATE[42S22]: Column not found: 1054 Unknown column 'projet_id' in 'where clause' in C:\xampp\htdocs\projex\projex_backend\app\Controllers\SupervisorController.php:277
#0 C:\xampp\htdocs\projex\projex_backend\app\Controllers\SupervisorController.php(277): PDOStatement->execute(Array)
#1 C:\xampp\htdocs\projex\projex_backend\public\index.php(511): SupervisorController::apiGetProjectTimeline(Object(PDO), 8)
#2 C:\xampp\htdocs\projex\projex_backend\app\Core\Router.php(75): {closure}('8')
#3 C:\xampp\htdocs\projex\projex_backend\public\index.php(659): Router->dispatch('GET', '/api/supervisor...')
#4 {main}

[2026-03-26 00:23:52] EXCEPTION: SQLSTATE[42S22]: Column not found: 1054 Unknown column 'projet_id' in 'where clause' in C:\xampp\htdocs\projex\projex_backend\app\Controllers\SupervisorController.php:277
#0 C:\xampp\htdocs\projex\projex_backend\app\Controllers\SupervisorController.php(277): PDOStatement->execute(Array)
#1 C:\xampp\htdocs\projex\projex_backend\public\index.php(511): SupervisorController::apiGetProjectTimeline(Object(PDO), 8)
#2 C:\xampp\htdocs\projex\projex_backend\app\Core\Router.php(75): {closure}('8')
#3 C:\xampp\htdocs\projex\projex_backend\public\index.php(659): Router->dispatch('GET', '/api/supervisor...')
#4 {main}

[2026-03-26 00:31:41] EXCEPTION: SQLSTATE[42S22]: Column not found: 1054 Unknown column 'projet_id' in 'where clause' in C:\xampp\htdocs\projex\projex_backend\app\Controllers\SupervisorController.php:277
#0 C:\xampp\htdocs\projex\projex_backend\app\Controllers\SupervisorController.php(277): PDOStatement->execute(Array)
#1 C:\xampp\htdocs\projex\projex_backend\public\index.php(511): SupervisorController::apiGetProjectTimeline(Object(PDO), 8)
#2 C:\xampp\htdocs\projex\projex_backend\app\Core\Router.php(75): {closure}('8')
#3 C:\xampp\htdocs\projex\projex_backend\public\index.php(659): Router->dispatch('GET', '/api/supervisor...')
#4 {main}

[2026-03-26 00:33:49] EXCEPTION: SQLSTATE[42S22]: Column not found: 1054 Unknown column 'projet_id' in 'where clause' in C:\xampp\htdocs\projex\projex_backend\app\Controllers\SupervisorController.php:277
#0 C:\xampp\htdocs\projex\projex_backend\app\Controllers\SupervisorController.php(277): PDOStatement->execute(Array)
#1 C:\xampp\htdocs\projex\projex_backend\public\index.php(511): SupervisorController::apiGetProjectTimeline(Object(PDO), 8)
#2 C:\xampp\htdocs\projex\projex_backend\app\Core\Router.php(75): {closure}('8')
#3 C:\xampp\htdocs\projex\projex_backend\public\index.php(659): Router->dispatch('GET', '/api/supervisor...')
#4 {main}

[2026-03-26 00:33:49] EXCEPTION: SQLSTATE[42S22]: Column not found: 1054 Unknown column 'projet_id' in 'where clause' in C:\xampp\htdocs\projex\projex_backend\app\Controllers\SupervisorController.php:277
#0 C:\xampp\htdocs\projex\projex_backend\app\Controllers\SupervisorController.php(277): PDOStatement->execute(Array)
#1 C:\xampp\htdocs\projex\projex_backend\public\index.php(511): SupervisorController::apiGetProjectTimeline(Object(PDO), 8)
#2 C:\xampp\htdocs\projex\projex_backend\app\Core\Router.php(75): {closure}('8')
#3 C:\xampp\htdocs\projex\projex_backend\public\index.php(659): Router->dispatch('GET', '/api/supervisor...')
#4 {main}

[2026-03-26 00:35:08] EXCEPTION: SQLSTATE[42S22]: Column not found: 1054 Unknown column 'projet_id' in 'where clause' in C:\xampp\htdocs\projex\projex_backend\app\Controllers\SupervisorController.php:277
#0 C:\xampp\htdocs\projex\projex_backend\app\Controllers\SupervisorController.php(277): PDOStatement->execute(Array)
#1 C:\xampp\htdocs\projex\projex_backend\public\index.php(511): SupervisorController::apiGetProjectTimeline(Object(PDO), 8)
#2 C:\xampp\htdocs\projex\projex_backend\app\Core\Router.php(75): {closure}('8')
#3 C:\xampp\htdocs\projex\projex_backend\public\index.php(659): Router->dispatch('GET', '/api/supervisor...')
#4 {main}

[2026-03-26 00:35:08] EXCEPTION: SQLSTATE[42S22]: Column not found: 1054 Unknown column 'projet_id' in 'where clause' in C:\xampp\htdocs\projex\projex_backend\app\Controllers\SupervisorController.php:277
#0 C:\xampp\htdocs\projex\projex_backend\app\Controllers\SupervisorController.php(277): PDOStatement->execute(Array)
#1 C:\xampp\htdocs\projex\projex_backend\public\index.php(511): SupervisorController::apiGetProjectTimeline(Object(PDO), 8)
#2 C:\xampp\htdocs\projex\projex_backend\app\Core\Router.php(75): {closure}('8')
#3 C:\xampp\htdocs\projex\projex_backend\public\index.php(659): Router->dispatch('GET', '/api/supervisor...')
#4 {main}

[2026-03-26 00:48:06] EXCEPTION: SQLSTATE[42S22]: Column not found: 1054 Unknown column 'projet_id' in 'where clause' in C:\xampp\htdocs\projex\projex_backend\app\Controllers\SupervisorController.php:277
#0 C:\xampp\htdocs\projex\projex_backend\app\Controllers\SupervisorController.php(277): PDOStatement->execute(Array)
#1 C:\xampp\htdocs\projex\projex_backend\public\index.php(453): SupervisorController::apiGetProjectTimeline(Object(PDO), 8)
#2 C:\xampp\htdocs\projex\projex_backend\app\Core\Router.php(75): {closure}('8')
#3 C:\xampp\htdocs\projex\projex_backend\public\index.php(659): Router->dispatch('GET', '/api/student/pr...')
#4 {main}

[2026-03-26 00:48:06] EXCEPTION: SQLSTATE[42S22]: Column not found: 1054 Unknown column 'projet_id' in 'where clause' in C:\xampp\htdocs\projex\projex_backend\app\Controllers\SupervisorController.php:277
#0 C:\xampp\htdocs\projex\projex_backend\app\Controllers\SupervisorController.php(277): PDOStatement->execute(Array)
#1 C:\xampp\htdocs\projex\projex_backend\public\index.php(453): SupervisorController::apiGetProjectTimeline(Object(PDO), 8)
#2 C:\xampp\htdocs\projex\projex_backend\app\Core\Router.php(75): {closure}('8')
#3 C:\xampp\htdocs\projex\projex_backend\public\index.php(659): Router->dispatch('GET', '/api/student/pr...')
#4 {main}

[2026-03-26 00:48:14] EXCEPTION: SQLSTATE[42S22]: Column not found: 1054 Unknown column 'projet_id' in 'where clause' in C:\xampp\htdocs\projex\projex_backend\app\Controllers\SupervisorController.php:277
#0 C:\xampp\htdocs\projex\projex_backend\app\Controllers\SupervisorController.php(277): PDOStatement->execute(Array)
#1 C:\xampp\htdocs\projex\projex_backend\public\index.php(453): SupervisorController::apiGetProjectTimeline(Object(PDO), 8)
#2 C:\xampp\htdocs\projex\projex_backend\app\Core\Router.php(75): {closure}('8')
#3 C:\xampp\htdocs\projex\projex_backend\public\index.php(659): Router->dispatch('GET', '/api/student/pr...')
#4 {main}

[2026-03-26 00:48:14] EXCEPTION: SQLSTATE[42S22]: Column not found: 1054 Unknown column 'projet_id' in 'where clause' in C:\xampp\htdocs\projex\projex_backend\app\Controllers\SupervisorController.php:277
#0 C:\xampp\htdocs\projex\projex_backend\app\Controllers\SupervisorController.php(277): PDOStatement->execute(Array)
#1 C:\xampp\htdocs\projex\projex_backend\public\index.php(453): SupervisorController::apiGetProjectTimeline(Object(PDO), 8)
#2 C:\xampp\htdocs\projex\projex_backend\app\Core\Router.php(75): {closure}('8')
#3 C:\xampp\htdocs\projex\projex_backend\public\index.php(659): Router->dispatch('GET', '/api/student/pr...')
#4 {main}

[2026-03-26 00:50:16] EXCEPTION: SQLSTATE[42S22]: Column not found: 1054 Unknown column 'projet_id' in 'where clause' in C:\xampp\htdocs\projex\projex_backend\app\Controllers\SupervisorController.php:277
#0 C:\xampp\htdocs\projex\projex_backend\app\Controllers\SupervisorController.php(277): PDOStatement->execute(Array)
#1 C:\xampp\htdocs\projex\projex_backend\public\index.php(453): SupervisorController::apiGetProjectTimeline(Object(PDO), 8)
#2 C:\xampp\htdocs\projex\projex_backend\app\Core\Router.php(75): {closure}('8')
#3 C:\xampp\htdocs\projex\projex_backend\public\index.php(659): Router->dispatch('GET', '/api/student/pr...')
#4 {main}

[2026-03-26 00:50:16] EXCEPTION: SQLSTATE[42S22]: Column not found: 1054 Unknown column 'projet_id' in 'where clause' in C:\xampp\htdocs\projex\projex_backend\app\Controllers\SupervisorController.php:277
#0 C:\xampp\htdocs\projex\projex_backend\app\Controllers\SupervisorController.php(277): PDOStatement->execute(Array)
#1 C:\xampp\htdocs\projex\projex_backend\public\index.php(453): SupervisorController::apiGetProjectTimeline(Object(PDO), 8)
#2 C:\xampp\htdocs\projex\projex_backend\app\Core\Router.php(75): {closure}('8')
#3 C:\xampp\htdocs\projex\projex_backend\public\index.php(659): Router->dispatch('GET', '/api/student/pr...')
#4 {main}

[2026-03-26 01:09:31] EXCEPTION: SQLSTATE[42S22]: Column not found: 1054 Unknown column 'projet_id' in 'where clause' in C:\xampp\htdocs\projex\projex_backend\app\Controllers\SupervisorController.php:277
#0 C:\xampp\htdocs\projex\projex_backend\app\Controllers\SupervisorController.php(277): PDOStatement->execute(Array)
#1 C:\xampp\htdocs\projex\projex_backend\public\index.php(456): SupervisorController::apiGetProjectTimeline(Object(PDO), 8)
#2 C:\xampp\htdocs\projex\projex_backend\app\Core\Router.php(75): {closure}('8')
#3 C:\xampp\htdocs\projex\projex_backend\public\index.php(673): Router->dispatch('GET', '/api/student/pr...')
#4 {main}

[2026-03-26 01:09:31] EXCEPTION: SQLSTATE[42S22]: Column not found: 1054 Unknown column 'projet_id' in 'where clause' in C:\xampp\htdocs\projex\projex_backend\app\Controllers\SupervisorController.php:277
#0 C:\xampp\htdocs\projex\projex_backend\app\Controllers\SupervisorController.php(277): PDOStatement->execute(Array)
#1 C:\xampp\htdocs\projex\projex_backend\public\index.php(456): SupervisorController::apiGetProjectTimeline(Object(PDO), 8)
#2 C:\xampp\htdocs\projex\projex_backend\app\Core\Router.php(75): {closure}('8')
#3 C:\xampp\htdocs\projex\projex_backend\public\index.php(673): Router->dispatch('GET', '/api/student/pr...')
#4 {main}

[2026-03-26 01:11:18] EXCEPTION: SQLSTATE[42S22]: Column not found: 1054 Unknown column 'projet_id' in 'where clause' in C:\xampp\htdocs\projex\projex_backend\app\Controllers\SupervisorController.php:277
#0 C:\xampp\htdocs\projex\projex_backend\app\Controllers\SupervisorController.php(277): PDOStatement->execute(Array)
#1 C:\xampp\htdocs\projex\projex_backend\public\index.php(514): SupervisorController::apiGetProjectTimeline(Object(PDO), 8)
#2 C:\xampp\htdocs\projex\projex_backend\app\Core\Router.php(75): {closure}('8')
#3 C:\xampp\htdocs\projex\projex_backend\public\index.php(673): Router->dispatch('GET', '/api/supervisor...')
#4 {main}

[2026-03-26 01:11:22] EXCEPTION: SQLSTATE[42S22]: Column not found: 1054 Unknown column 'projet_id' in 'where clause' in C:\xampp\htdocs\projex\projex_backend\app\Controllers\SupervisorController.php:277
#0 C:\xampp\htdocs\projex\projex_backend\app\Controllers\SupervisorController.php(277): PDOStatement->execute(Array)
#1 C:\xampp\htdocs\projex\projex_backend\public\index.php(514): SupervisorController::apiGetProjectTimeline(Object(PDO), 8)
#2 C:\xampp\htdocs\projex\projex_backend\app\Core\Router.php(75): {closure}('8')
#3 C:\xampp\htdocs\projex\projex_backend\public\index.php(673): Router->dispatch('GET', '/api/supervisor...')
#4 {main}

[2026-03-26 01:20:16] EXCEPTION: SQLSTATE[42S22]: Column not found: 1054 Unknown column 'description' in 'field list' in C:\xampp\htdocs\projex\projex_backend\app\Controllers\SupervisorController.php:277
#0 C:\xampp\htdocs\projex\projex_backend\app\Controllers\SupervisorController.php(277): PDOStatement->execute(Array)
#1 C:\xampp\htdocs\projex\projex_backend\public\index.php(514): SupervisorController::apiGetProjectTimeline(Object(PDO), 8)
#2 C:\xampp\htdocs\projex\projex_backend\app\Core\Router.php(75): {closure}('8')
#3 C:\xampp\htdocs\projex\projex_backend\public\index.php(673): Router->dispatch('GET', '/api/supervisor...')
#4 {main}

[2026-04-07 01:04:53] EXCEPTION: SQLSTATE[42S22]: Column not found: 1054 Unknown column 'l.projet_id' in 'on clause' in C:\xampp\htdocs\projex\projex_backend\app\Models\Livrable.php:35
#0 C:\xampp\htdocs\projex\projex_backend\app\Models\Livrable.php(35): PDOStatement->execute(Array)
#1 C:\xampp\htdocs\projex\projex_backend\public\index.php(475): Livrable::byStudent(Object(PDO), 26)
#2 C:\xampp\htdocs\projex\projex_backend\app\Core\Router.php(60): {closure}()
#3 C:\xampp\htdocs\projex\projex_backend\public\index.php(678): Router->dispatch('GET', '/api/student/de...')
#4 {main}

[2026-04-07 01:04:53] EXCEPTION: SQLSTATE[42S22]: Column not found: 1054 Unknown column 'l.projet_id' in 'on clause' in C:\xampp\htdocs\projex\projex_backend\app\Models\Livrable.php:35
#0 C:\xampp\htdocs\projex\projex_backend\app\Models\Livrable.php(35): PDOStatement->execute(Array)
#1 C:\xampp\htdocs\projex\projex_backend\public\index.php(475): Livrable::byStudent(Object(PDO), 26)
#2 C:\xampp\htdocs\projex\projex_backend\app\Core\Router.php(60): {closure}()
#3 C:\xampp\htdocs\projex\projex_backend\public\index.php(678): Router->dispatch('GET', '/api/student/de...')
#4 {main}

[2026-04-07 01:07:42] EXCEPTION: SQLSTATE[42S22]: Column not found: 1054 Unknown column 'l.projet_id' in 'on clause' in C:\xampp\htdocs\projex\projex_backend\app\Models\Livrable.php:35
#0 C:\xampp\htdocs\projex\projex_backend\app\Models\Livrable.php(35): PDOStatement->execute(Array)
#1 C:\xampp\htdocs\projex\projex_backend\public\index.php(475): Livrable::byStudent(Object(PDO), 26)
#2 C:\xampp\htdocs\projex\projex_backend\app\Core\Router.php(60): {closure}()
#3 C:\xampp\htdocs\projex\projex_backend\public\index.php(678): Router->dispatch('GET', '/api/student/de...')
#4 {main}

[2026-04-07 01:07:42] EXCEPTION: SQLSTATE[42S22]: Column not found: 1054 Unknown column 'l.projet_id' in 'on clause' in C:\xampp\htdocs\projex\projex_backend\app\Models\Livrable.php:35
#0 C:\xampp\htdocs\projex\projex_backend\app\Models\Livrable.php(35): PDOStatement->execute(Array)
#1 C:\xampp\htdocs\projex\projex_backend\public\index.php(475): Livrable::byStudent(Object(PDO), 26)
#2 C:\xampp\htdocs\projex\projex_backend\app\Core\Router.php(60): {closure}()
#3 C:\xampp\htdocs\projex\projex_backend\public\index.php(678): Router->dispatch('GET', '/api/student/de...')
#4 {main}

[2026-04-07 01:13:51] EXCEPTION: SQLSTATE[42S22]: Column not found: 1054 Unknown column 'l.projet_id' in 'on clause' in C:\xampp\htdocs\projex\projex_backend\app\Models\Livrable.php:35
#0 C:\xampp\htdocs\projex\projex_backend\app\Models\Livrable.php(35): PDOStatement->execute(Array)
#1 C:\xampp\htdocs\projex\projex_backend\public\index.php(475): Livrable::byStudent(Object(PDO), 26)
#2 C:\xampp\htdocs\projex\projex_backend\app\Core\Router.php(60): {closure}()
#3 C:\xampp\htdocs\projex\projex_backend\public\index.php(678): Router->dispatch('GET', '/api/student/de...')
#4 {main}

[2026-04-07 01:13:51] EXCEPTION: SQLSTATE[42S22]: Column not found: 1054 Unknown column 'l.projet_id' in 'on clause' in C:\xampp\htdocs\projex\projex_backend\app\Models\Livrable.php:35
#0 C:\xampp\htdocs\projex\projex_backend\app\Models\Livrable.php(35): PDOStatement->execute(Array)
#1 C:\xampp\htdocs\projex\projex_backend\public\index.php(475): Livrable::byStudent(Object(PDO), 26)
#2 C:\xampp\htdocs\projex\projex_backend\app\Core\Router.php(60): {closure}()
#3 C:\xampp\htdocs\projex\projex_backend\public\index.php(678): Router->dispatch('GET', '/api/student/de...')
#4 {main}

[2026-04-07 02:23:46] EXCEPTION: urlencode(): Argument #1 ($string) must be of type string, array given in C:\xampp\htdocs\projex\projex_backend\app\Controllers\AuthController.php:226
#0 C:\xampp\htdocs\projex\projex_backend\app\Controllers\AuthController.php(226): urlencode(Array)
#1 C:\xampp\htdocs\projex\projex_backend\public\index.php(121): AuthController::googleAuth(Object(PDO))
#2 C:\xampp\htdocs\projex\projex_backend\app\Core\Router.php(60): {closure}()
#3 C:\xampp\htdocs\projex\projex_backend\public\index.php(684): Router->dispatch('POST', '/api/auth/googl...')
#4 {main}

[2026-04-07 02:24:07] EXCEPTION: urlencode(): Argument #1 ($string) must be of type string, array given in C:\xampp\htdocs\projex\projex_backend\app\Controllers\AuthController.php:226
#0 C:\xampp\htdocs\projex\projex_backend\app\Controllers\AuthController.php(226): urlencode(Array)
#1 C:\xampp\htdocs\projex\projex_backend\public\index.php(121): AuthController::googleAuth(Object(PDO))
#2 C:\xampp\htdocs\projex\projex_backend\app\Core\Router.php(60): {closure}()
#3 C:\xampp\htdocs\projex\projex_backend\public\index.php(684): Router->dispatch('POST', '/api/auth/googl...')
#4 {main}

